[debug] [2021-11-02T09:51:49.844Z] ----------------------------------------------------------------------
[debug] [2021-11-02T09:51:49.846Z] Command:       /usr/local/bin/node /usr/local/bin/firebase deploy --only functions:games
[debug] [2021-11-02T09:51:49.846Z] CLI Version:   9.21.0
[debug] [2021-11-02T09:51:49.847Z] Platform:      darwin
[debug] [2021-11-02T09:51:49.847Z] Node Version:  v12.19.0
[debug] [2021-11-02T09:51:49.848Z] Time:          Tue Nov 02 2021 11:51:49 GMT+0200 (Eastern European Standard Time)
[debug] [2021-11-02T09:51:49.848Z] ----------------------------------------------------------------------
[debug] 
[debug] [2021-11-02T09:51:49.895Z] > command requires scopes: ["email","openid","https://www.googleapis.com/auth/cloudplatformprojects.readonly","https://www.googleapis.com/auth/firebase","https://www.googleapis.com/auth/cloud-platform"]
[debug] [2021-11-02T09:51:49.896Z] > authorizing via signed-in user (anatoly.pashias6@gmail.com)
[debug] [2021-11-02T09:51:49.896Z] [iam] checking project tolypash0 for permissions ["cloudfunctions.functions.create","cloudfunctions.functions.delete","cloudfunctions.functions.get","cloudfunctions.functions.list","cloudfunctions.functions.update","cloudfunctions.operations.get","firebase.projects.get"]
[debug] [2021-11-02T09:51:49.898Z] >>> HTTP REQUEST POST https://cloudresourcemanager.googleapis.com/v1/projects/tolypash0:testIamPermissions  
 {"permissions":["cloudfunctions.functions.create","cloudfunctions.functions.delete","cloudfunctions.functions.get","cloudfunctions.functions.list","cloudfunctions.functions.update","cloudfunctions.operations.get","firebase.projects.get"]}
[debug] [2021-11-02T09:51:50.708Z] <<< HTTP RESPONSE 200 {"content-type":"application/json; charset=UTF-8","vary":"X-Origin, Referer, Origin,Accept-Encoding","date":"Tue, 02 Nov 2021 09:51:50 GMT","server":"ESF","cache-control":"private","x-xss-protection":"0","x-frame-options":"SAMEORIGIN","x-content-type-options":"nosniff","server-timing":"gfet4t7; dur=633","alt-svc":"h3=\":443\"; ma=2592000,h3-29=\":443\"; ma=2592000,h3-Q050=\":443\"; ma=2592000,h3-Q046=\":443\"; ma=2592000,h3-Q043=\":443\"; ma=2592000,quic=\":443\"; ma=2592000; v=\"46,43\"","accept-ranges":"none","transfer-encoding":"chunked"}
[debug] [2021-11-02T09:51:50.709Z] >>> HTTP REQUEST POST https://iam.googleapis.com/v1/projects/tolypash0/serviceAccounts/tolypash0@appspot.gserviceaccount.com:testIamPermissions  
 {"permissions":["iam.serviceAccounts.actAs"]}
[debug] [2021-11-02T09:51:51.434Z] <<< HTTP RESPONSE 200 {"content-type":"application/json; charset=UTF-8","vary":"X-Origin, Referer, Origin,Accept-Encoding","date":"Tue, 02 Nov 2021 09:51:51 GMT","server":"ESF","cache-control":"private","x-xss-protection":"0","x-frame-options":"SAMEORIGIN","x-content-type-options":"nosniff","alt-svc":"h3=\":443\"; ma=2592000,h3-29=\":443\"; ma=2592000,h3-Q050=\":443\"; ma=2592000,h3-Q046=\":443\"; ma=2592000,h3-Q043=\":443\"; ma=2592000,quic=\":443\"; ma=2592000; v=\"46,43\"","accept-ranges":"none","transfer-encoding":"chunked"}
[info] 
[info] === Deploying to 'tolypash0'...
[info] 
[info] i  deploying functions 
[info] Running command: npm --prefix "$RESOURCE_DIR" run lint
[info] Running command: npm --prefix "$RESOURCE_DIR" run build
[info] ✔  functions: Finished running predeploy script. 
[debug] [2021-11-02T09:52:06.471Z] Validating nodejs source
[warn] ⚠  functions: package.json indicates an outdated version of firebase-functions.
Please upgrade using npm install --save firebase-functions@latest in your functions directory. 
[debug] [2021-11-02T09:52:08.593Z] > [functions] package.json contents: {
  "name": "functions",
  "scripts": {
    "lint": "eslint --ext .js,.ts .",
    "build": "tsc",
    "serve": "npm run build && firebase emulators:start --only functions",
    "shell": "npm run build && firebase functions:shell",
    "start": "npm run shell",
    "deploy": "firebase deploy --only functions",
    "logs": "firebase functions:log"
  },
  "engines": {
    "node": "14"
  },
  "main": "lib/index.js",
  "dependencies": {
    "firebase-admin": "^9.12.0",
    "firebase-functions": "^3.14.1"
  },
  "devDependencies": {
    "@typescript-eslint/eslint-plugin": "^3.9.1",
    "@typescript-eslint/parser": "^3.8.0",
    "eslint": "^7.6.0",
    "eslint-config-google": "^0.14.0",
    "eslint-plugin-import": "^2.22.0",
    "firebase-functions-test": "^0.2.0",
    "typescript": "^3.8.0"
  },
  "private": true
}
[debug] [2021-11-02T09:52:08.594Z] Building nodejs source
[info] i  functions: ensuring required API cloudfunctions.googleapis.com is enabled... 
[info] i  functions: ensuring required API cloudbuild.googleapis.com is enabled... 
[debug] [2021-11-02T09:52:08.596Z] >>> HTTP REQUEST GET https://serviceusage.googleapis.com/v1/projects/tolypash0/services/cloudfunctions.googleapis.com  
 
[debug] [2021-11-02T09:52:08.597Z] >>> HTTP REQUEST GET https://serviceusage.googleapis.com/v1/projects/tolypash0/services/runtimeconfig.googleapis.com  
 
[debug] [2021-11-02T09:52:08.597Z] >>> HTTP REQUEST GET https://serviceusage.googleapis.com/v1/projects/tolypash0/services/cloudbuild.googleapis.com  
 
[debug] [2021-11-02T09:52:09.641Z] <<< HTTP RESPONSE 200 {"content-type":"application/json; charset=UTF-8","vary":"X-Origin, Referer, Origin,Accept-Encoding","date":"Tue, 02 Nov 2021 09:52:09 GMT","server":"ESF","cache-control":"private","x-xss-protection":"0","x-frame-options":"SAMEORIGIN","x-content-type-options":"nosniff","alt-svc":"h3=\":443\"; ma=2592000,h3-29=\":443\"; ma=2592000,h3-Q050=\":443\"; ma=2592000,h3-Q046=\":443\"; ma=2592000,h3-Q043=\":443\"; ma=2592000,quic=\":443\"; ma=2592000; v=\"46,43\"","accept-ranges":"none","transfer-encoding":"chunked"}
[debug] [2021-11-02T09:52:09.719Z] <<< HTTP RESPONSE 200 {"content-type":"application/json; charset=UTF-8","vary":"X-Origin, Referer, Origin,Accept-Encoding","date":"Tue, 02 Nov 2021 09:52:09 GMT","server":"ESF","cache-control":"private","x-xss-protection":"0","x-frame-options":"SAMEORIGIN","x-content-type-options":"nosniff","alt-svc":"h3=\":443\"; ma=2592000,h3-29=\":443\"; ma=2592000,h3-Q050=\":443\"; ma=2592000,h3-Q046=\":443\"; ma=2592000,h3-Q043=\":443\"; ma=2592000,quic=\":443\"; ma=2592000; v=\"46,43\"","accept-ranges":"none","transfer-encoding":"chunked"}
[info] ✔  functions: required API cloudbuild.googleapis.com is enabled 
[debug] [2021-11-02T09:52:09.789Z] <<< HTTP RESPONSE 200 {"content-type":"application/json; charset=UTF-8","vary":"X-Origin, Referer, Origin,Accept-Encoding","date":"Tue, 02 Nov 2021 09:52:09 GMT","server":"ESF","cache-control":"private","x-xss-protection":"0","x-frame-options":"SAMEORIGIN","x-content-type-options":"nosniff","alt-svc":"h3=\":443\"; ma=2592000,h3-29=\":443\"; ma=2592000,h3-Q050=\":443\"; ma=2592000,h3-Q046=\":443\"; ma=2592000,h3-Q043=\":443\"; ma=2592000,quic=\":443\"; ma=2592000; v=\"46,43\"","accept-ranges":"none","transfer-encoding":"chunked"}
[info] ✔  functions: required API cloudfunctions.googleapis.com is enabled 
[debug] [2021-11-02T09:52:09.790Z] >>> HTTP REQUEST GET https://firebase.googleapis.com/v1beta1/projects/tolypash0/adminSdkConfig  
 
[debug] [2021-11-02T09:52:10.174Z] <<< HTTP RESPONSE 200 {"content-type":"application/json; charset=UTF-8","vary":"X-Origin, Referer, Origin,Accept-Encoding","date":"Tue, 02 Nov 2021 09:52:10 GMT","server":"ESF","cache-control":"private","x-xss-protection":"0","x-frame-options":"SAMEORIGIN","x-content-type-options":"nosniff","alt-svc":"h3=\":443\"; ma=2592000,h3-29=\":443\"; ma=2592000,h3-Q050=\":443\"; ma=2592000,h3-Q046=\":443\"; ma=2592000,h3-Q043=\":443\"; ma=2592000,quic=\":443\"; ma=2592000; v=\"46,43\"","accept-ranges":"none","transfer-encoding":"chunked"}
[debug] [2021-11-02T09:52:10.175Z] >>> HTTP REQUEST GET https://runtimeconfig.googleapis.com/v1beta1/projects/tolypash0/configs  
 
[debug] [2021-11-02T09:52:10.580Z] <<< HTTP RESPONSE 200 {"content-type":"application/json; charset=UTF-8","vary":"X-Origin, Referer, Origin,Accept-Encoding","date":"Tue, 02 Nov 2021 09:52:10 GMT","server":"ESF","cache-control":"private","x-xss-protection":"0","x-frame-options":"SAMEORIGIN","x-content-type-options":"nosniff","alt-svc":"h3=\":443\"; ma=2592000,h3-29=\":443\"; ma=2592000,h3-Q050=\":443\"; ma=2592000,h3-Q046=\":443\"; ma=2592000,h3-Q043=\":443\"; ma=2592000,quic=\":443\"; ma=2592000; v=\"46,43\"","accept-ranges":"none","transfer-encoding":"chunked"}
[debug] [2021-11-02T09:52:10.763Z] Analyzing nodejs backend spec
[info] i  functions: preparing functions directory for uploading... 
[info] i  functions: packaged functions (93.05 KB) for uploading 
[debug] [2021-11-02T09:52:11.057Z] >>> HTTP REQUEST GET https://cloudfunctions.googleapis.com/v1/projects/tolypash0/locations/-/functions  
 
[debug] [2021-11-02T09:52:11.764Z] <<< HTTP RESPONSE 200 {"content-type":"application/json; charset=UTF-8","vary":"X-Origin, Referer, Origin,Accept-Encoding","date":"Tue, 02 Nov 2021 09:52:11 GMT","server":"ESF","cache-control":"private","x-xss-protection":"0","x-frame-options":"SAMEORIGIN","x-content-type-options":"nosniff","alt-svc":"h3=\":443\"; ma=2592000,h3-29=\":443\"; ma=2592000,h3-Q050=\":443\"; ma=2592000,h3-Q046=\":443\"; ma=2592000,h3-Q043=\":443\"; ma=2592000,quic=\":443\"; ma=2592000; v=\"46,43\"","accept-ranges":"none","transfer-encoding":"chunked"}
[debug] [2021-11-02T09:52:11.766Z] [functions] found 2 new HTTP functions, testing setIamPolicy permission...
[debug] [2021-11-02T09:52:11.766Z] >>> HTTP REQUEST POST https://cloudresourcemanager.googleapis.com/v1/projects/tolypash0:testIamPermissions  
 {"permissions":["cloudfunctions.functions.setIamPolicy"]}
[debug] [2021-11-02T09:52:12.556Z] <<< HTTP RESPONSE 200 {"content-type":"application/json; charset=UTF-8","vary":"X-Origin, Referer, Origin,Accept-Encoding","date":"Tue, 02 Nov 2021 09:52:12 GMT","server":"ESF","cache-control":"private","x-xss-protection":"0","x-frame-options":"SAMEORIGIN","x-content-type-options":"nosniff","server-timing":"gfet4t7; dur=640","alt-svc":"h3=\":443\"; ma=2592000,h3-29=\":443\"; ma=2592000,h3-Q050=\":443\"; ma=2592000,h3-Q046=\":443\"; ma=2592000,h3-Q043=\":443\"; ma=2592000,quic=\":443\"; ma=2592000; v=\"46,43\"","accept-ranges":"none","transfer-encoding":"chunked"}
[debug] [2021-11-02T09:52:12.557Z] [functions] found setIamPolicy permission, proceeding with deploy
[debug] [2021-11-02T09:52:12.558Z] >>> HTTP REQUEST POST https://cloudfunctions.googleapis.com/v1/projects/tolypash0/locations/us-central1/functions:generateUploadUrl  
 
[debug] [2021-11-02T09:52:13.359Z] <<< HTTP RESPONSE 200 {"content-type":"application/json; charset=UTF-8","vary":"X-Origin, Referer, Origin,Accept-Encoding","date":"Tue, 02 Nov 2021 09:52:13 GMT","server":"ESF","cache-control":"private","x-xss-protection":"0","x-frame-options":"SAMEORIGIN","x-content-type-options":"nosniff","alt-svc":"h3=\":443\"; ma=2592000,h3-29=\":443\"; ma=2592000,h3-Q050=\":443\"; ma=2592000,h3-Q046=\":443\"; ma=2592000,h3-Q043=\":443\"; ma=2592000,quic=\":443\"; ma=2592000; v=\"46,43\"","accept-ranges":"none","transfer-encoding":"chunked"}
[debug] [2021-11-02T09:52:13.360Z] >>> HTTP REQUEST PUT https://storage.googleapis.com/gcf-upload-us-central1-d21ab904-8405-466a-bffe-e0eb27e03521/a186cf6a-bef1-4932-bead-9c5875225dfb.zip?GoogleAccessId=service-377483959376@gcf-admin-robot.iam.gserviceaccount.com&Expires=1635848533&Signature=kCvNaoAhqyBb1dvD8w9i7RRaorje78Rzczq5Ts03blB%2BJ9KLAtbG8q5RckLWX4RI3u5BdRRdLLtjbSI6aRYekGoCpjmMoE9QVWBBqNBJojQXCG1wvHMI7J2Ohm0s5AT2YaLoO4heVv8JVpW70wADmqtv8gS6Fm2TnfGGI1WteCwl740nHikcUt6mebR8O9mYwfIcdzPowbgRTZXqJjhIwhBTHd1oQMTl4x5tscQLvFRzQdjVuMp7M%2FTRjq9MRoHMxjiAm%2FMdj3zJklo7bZYJsWwprM302OWFbne%2Fji8TKlChLpw3eT7oaOyw4sPxi37PCvrrGWGW8c0CXMzNUW18mg%3D%3D  
 <request body omitted>
[debug] [2021-11-02T09:52:13.859Z] <<< HTTP RESPONSE 200 {"x-guploader-uploadid":"ADPycdvha8XCkXy7BAetaymFp3KpYAQ7tZwWJQM-qoyRC6FiSn8PWiFotSnheGcykgd2veUYWf4q9s3LBdBpDTAXjl7IcmQtqQ","etag":"\"be77cc6b79ba1124bcd50adb23b6cea2\"","x-goog-generation":"1635846733911530","x-goog-metageneration":"1","x-goog-hash":"crc32c=hNcufA==, md5=vnfMa3m6ESS81QrbI7bOog==","x-goog-stored-content-length":"95284","x-goog-stored-content-encoding":"identity","vary":"Origin","content-length":"0","date":"Tue, 02 Nov 2021 09:52:13 GMT","server":"UploadServer","content-type":"text/html; charset=UTF-8","alt-svc":"h3=\":443\"; ma=2592000,h3-29=\":443\"; ma=2592000,h3-Q050=\":443\"; ma=2592000,h3-Q046=\":443\"; ma=2592000,h3-Q043=\":443\"; ma=2592000,quic=\":443\"; ma=2592000; v=\"46,43\""}
[info] ✔  functions: functions folder uploaded successfully 
[info] i  functions: creating Node.js 14 function games-tictactoe-createGame(us-central1)... 
[info] i  functions: creating Node.js 14 function games-tictactoe-markGrid(us-central1)... 
[info] i  functions: updating Node.js 14 function games-tictactoe-joinGame(us-central1)... 
[debug] [2021-11-02T09:52:13.864Z] >>> HTTP REQUEST POST https://cloudfunctions.googleapis.com/v1/projects/tolypash0/locations/us-central1/functions  
 {"name":"projects/tolypash0/locations/us-central1/functions/games-tictactoe-createGame","sourceUploadUrl":"https://storage.googleapis.com/gcf-upload-us-central1-d21ab904-8405-466a-bffe-e0eb27e03521/a186cf6a-bef1-4932-bead-9c5875225dfb.zip?GoogleAccessId=service-377483959376@gcf-admin-robot.iam.gserviceaccount.com&Expires=1635848533&Signature=kCvNaoAhqyBb1dvD8w9i7RRaorje78Rzczq5Ts03blB%2BJ9KLAtbG8q5RckLWX4RI3u5BdRRdLLtjbSI6aRYekGoCpjmMoE9QVWBBqNBJojQXCG1wvHMI7J2Ohm0s5AT2YaLoO4heVv8JVpW70wADmqtv8gS6Fm2TnfGGI1WteCwl740nHikcUt6mebR8O9mYwfIcdzPowbgRTZXqJjhIwhBTHd1oQMTl4x5tscQLvFRzQdjVuMp7M%2FTRjq9MRoHMxjiAm%2FMdj3zJklo7bZYJsWwprM302OWFbne%2Fji8TKlChLpw3eT7oaOyw4sPxi37PCvrrGWGW8c0CXMzNUW18mg%3D%3D","entryPoint":"games.tictactoe.createGame","runtime":"nodejs14","labels":{"deployment-callable":"true","deployment-tool":"cli-firebase"},"httpsTrigger":{},"environmentVariables":{"FIREBASE_CONFIG":"{\"projectId\":\"tolypash0\",\"databaseURL\":\"https://tolypash0-default-rtdb.firebaseio.com\",\"storageBucket\":\"tolypash0.appspot.com\"}","GCLOUD_PROJECT":"tolypash0"}}
[debug] [2021-11-02T09:52:14.442Z] <<< HTTP RESPONSE 200 {"content-type":"application/json; charset=UTF-8","vary":"X-Origin, Referer, Origin,Accept-Encoding","date":"Tue, 02 Nov 2021 09:52:14 GMT","server":"ESF","cache-control":"private","x-xss-protection":"0","x-frame-options":"SAMEORIGIN","x-content-type-options":"nosniff","alt-svc":"h3=\":443\"; ma=2592000,h3-29=\":443\"; ma=2592000,h3-Q050=\":443\"; ma=2592000,h3-Q046=\":443\"; ma=2592000,h3-Q043=\":443\"; ma=2592000,quic=\":443\"; ma=2592000; v=\"46,43\"","accept-ranges":"none","transfer-encoding":"chunked"}
[debug] [2021-11-02T09:52:14.444Z] > refreshing access token with scopes: []
[debug] [2021-11-02T09:52:14.445Z] >>> HTTP REQUEST POST https://www.googleapis.com/oauth2/v3/token  
 <request body omitted>
[debug] [2021-11-02T09:52:14.635Z] <<< HTTP RESPONSE 200 {"cache-control":"no-cache, no-store, max-age=0, must-revalidate","pragma":"no-cache","date":"Tue, 02 Nov 2021 09:52:14 GMT","expires":"Mon, 01 Jan 1990 00:00:00 GMT","content-type":"application/json; charset=utf-8","vary":"X-Origin, Referer, Origin,Accept-Encoding","server":"scaffolding on HTTPServer2","x-xss-protection":"0","x-frame-options":"SAMEORIGIN","x-content-type-options":"nosniff","alt-svc":"h3=\":443\"; ma=2592000,h3-29=\":443\"; ma=2592000,h3-Q050=\":443\"; ma=2592000,h3-Q046=\":443\"; ma=2592000,h3-Q043=\":443\"; ma=2592000,quic=\":443\"; ma=2592000; v=\"46,43\"","accept-ranges":"none","transfer-encoding":"chunked"}
[debug] [2021-11-02T09:52:14.680Z] >>> [apiv2][query] GET https://cloudfunctions.googleapis.com/v1/operations/dG9seXBhc2gwL3VzLWNlbnRyYWwxL2dhbWVzLXRpY3RhY3RvZS1jcmVhdGVHYW1lL0ZTNVBESWdVMkgw [none]
[debug] [2021-11-02T09:52:15.023Z] <<< [apiv2][status] GET https://cloudfunctions.googleapis.com/v1/operations/dG9seXBhc2gwL3VzLWNlbnRyYWwxL2dhbWVzLXRpY3RhY3RvZS1jcmVhdGVHYW1lL0ZTNVBESWdVMkgw 200
[debug] [2021-11-02T09:52:15.023Z] <<< [apiv2][body] GET https://cloudfunctions.googleapis.com/v1/operations/dG9seXBhc2gwL3VzLWNlbnRyYWwxL2dhbWVzLXRpY3RhY3RvZS1jcmVhdGVHYW1lL0ZTNVBESWdVMkgw {"name":"operations/dG9seXBhc2gwL3VzLWNlbnRyYWwxL2dhbWVzLXRpY3RhY3RvZS1jcmVhdGVHYW1lL0ZTNVBESWdVMkgw","metadata":{"@type":"type.googleapis.com/google.cloud.functions.v1.OperationMetadataV1","target":"projects/tolypash0/locations/us-central1/functions/games-tictactoe-createGame","type":"CREATE_FUNCTION","request":{"@type":"type.googleapis.com/google.cloud.functions.v1.CloudFunction","name":"projects/tolypash0/locations/us-central1/functions/games-tictactoe-createGame","httpsTrigger":{},"entryPoint":"games.tictactoe.createGame","labels":{"deployment-callable":"true","deployment-tool":"cli-firebase"},"sourceUploadUrl":"https://storage.googleapis.com/gcf-upload-us-central1-d21ab904-8405-466a-bffe-e0eb27e03521/a186cf6a-bef1-4932-bead-9c5875225dfb.zip?GoogleAccessId=service-377483959376@gcf-admin-robot.iam.gserviceaccount.com&Expires=1635848533&Signature=kCvNaoAhqyBb1dvD8w9i7RRaorje78Rzczq5Ts03blB%2BJ9KLAtbG8q5RckLWX4RI3u5BdRRdLLtjbSI6aRYekGoCpjmMoE9QVWBBqNBJojQXCG1wvHMI7J2Ohm0s5AT2YaLoO4heVv8JVpW70wADmqtv8gS6Fm2TnfGGI1WteCwl740nHikcUt6mebR8O9mYwfIcdzPowbgRTZXqJjhIwhBTHd1oQMTl4x5tscQLvFRzQdjVuMp7M%2FTRjq9MRoHMxjiAm%2FMdj3zJklo7bZYJsWwprM302OWFbne%2Fji8TKlChLpw3eT7oaOyw4sPxi37PCvrrGWGW8c0CXMzNUW18mg%3D%3D","environmentVariables":{"FIREBASE_CONFIG":"{\"projectId\":\"tolypash0\",\"databaseURL\":\"https://tolypash0-default-rtdb.firebaseio.com\",\"storageBucket\":\"tolypash0.appspot.com\"}","GCLOUD_PROJECT":"tolypash0"},"runtime":"nodejs14"},"versionId":"1","updateTime":"2021-11-02T09:52:14Z"}}
[debug] [2021-11-02T09:52:15.525Z] [create-us-central1-games-tictactoe-createGame] Retrying task index 0
[debug] [2021-11-02T09:52:15.526Z] >>> [apiv2][query] GET https://cloudfunctions.googleapis.com/v1/operations/dG9seXBhc2gwL3VzLWNlbnRyYWwxL2dhbWVzLXRpY3RhY3RvZS1jcmVhdGVHYW1lL0ZTNVBESWdVMkgw [none]
[debug] [2021-11-02T09:52:15.860Z] <<< [apiv2][status] GET https://cloudfunctions.googleapis.com/v1/operations/dG9seXBhc2gwL3VzLWNlbnRyYWwxL2dhbWVzLXRpY3RhY3RvZS1jcmVhdGVHYW1lL0ZTNVBESWdVMkgw 200
[debug] [2021-11-02T09:52:15.860Z] <<< [apiv2][body] GET https://cloudfunctions.googleapis.com/v1/operations/dG9seXBhc2gwL3VzLWNlbnRyYWwxL2dhbWVzLXRpY3RhY3RvZS1jcmVhdGVHYW1lL0ZTNVBESWdVMkgw {"name":"operations/dG9seXBhc2gwL3VzLWNlbnRyYWwxL2dhbWVzLXRpY3RhY3RvZS1jcmVhdGVHYW1lL0ZTNVBESWdVMkgw","metadata":{"@type":"type.googleapis.com/google.cloud.functions.v1.OperationMetadataV1","target":"projects/tolypash0/locations/us-central1/functions/games-tictactoe-createGame","type":"CREATE_FUNCTION","request":{"@type":"type.googleapis.com/google.cloud.functions.v1.CloudFunction","name":"projects/tolypash0/locations/us-central1/functions/games-tictactoe-createGame","httpsTrigger":{},"entryPoint":"games.tictactoe.createGame","labels":{"deployment-callable":"true","deployment-tool":"cli-firebase"},"sourceUploadUrl":"https://storage.googleapis.com/gcf-upload-us-central1-d21ab904-8405-466a-bffe-e0eb27e03521/a186cf6a-bef1-4932-bead-9c5875225dfb.zip?GoogleAccessId=service-377483959376@gcf-admin-robot.iam.gserviceaccount.com&Expires=1635848533&Signature=kCvNaoAhqyBb1dvD8w9i7RRaorje78Rzczq5Ts03blB%2BJ9KLAtbG8q5RckLWX4RI3u5BdRRdLLtjbSI6aRYekGoCpjmMoE9QVWBBqNBJojQXCG1wvHMI7J2Ohm0s5AT2YaLoO4heVv8JVpW70wADmqtv8gS6Fm2TnfGGI1WteCwl740nHikcUt6mebR8O9mYwfIcdzPowbgRTZXqJjhIwhBTHd1oQMTl4x5tscQLvFRzQdjVuMp7M%2FTRjq9MRoHMxjiAm%2FMdj3zJklo7bZYJsWwprM302OWFbne%2Fji8TKlChLpw3eT7oaOyw4sPxi37PCvrrGWGW8c0CXMzNUW18mg%3D%3D","environmentVariables":{"FIREBASE_CONFIG":"{\"projectId\":\"tolypash0\",\"databaseURL\":\"https://tolypash0-default-rtdb.firebaseio.com\",\"storageBucket\":\"tolypash0.appspot.com\"}","GCLOUD_PROJECT":"tolypash0"},"runtime":"nodejs14"},"versionId":"1","updateTime":"2021-11-02T09:52:14Z","buildId":"fce227d4-2a68-4e1b-a121-5a8ee391c8ae","buildName":"projects/377483959376/locations/us-central1/builds/fce227d4-2a68-4e1b-a121-5a8ee391c8ae"}}
[debug] [2021-11-02T09:52:16.861Z] [create-us-central1-games-tictactoe-createGame] Retrying task index 0
[debug] [2021-11-02T09:52:16.861Z] >>> [apiv2][query] GET https://cloudfunctions.googleapis.com/v1/operations/dG9seXBhc2gwL3VzLWNlbnRyYWwxL2dhbWVzLXRpY3RhY3RvZS1jcmVhdGVHYW1lL0ZTNVBESWdVMkgw [none]
[debug] [2021-11-02T09:52:17.186Z] <<< [apiv2][status] GET https://cloudfunctions.googleapis.com/v1/operations/dG9seXBhc2gwL3VzLWNlbnRyYWwxL2dhbWVzLXRpY3RhY3RvZS1jcmVhdGVHYW1lL0ZTNVBESWdVMkgw 200
[debug] [2021-11-02T09:52:17.186Z] <<< [apiv2][body] GET https://cloudfunctions.googleapis.com/v1/operations/dG9seXBhc2gwL3VzLWNlbnRyYWwxL2dhbWVzLXRpY3RhY3RvZS1jcmVhdGVHYW1lL0ZTNVBESWdVMkgw {"name":"operations/dG9seXBhc2gwL3VzLWNlbnRyYWwxL2dhbWVzLXRpY3RhY3RvZS1jcmVhdGVHYW1lL0ZTNVBESWdVMkgw","metadata":{"@type":"type.googleapis.com/google.cloud.functions.v1.OperationMetadataV1","target":"projects/tolypash0/locations/us-central1/functions/games-tictactoe-createGame","type":"CREATE_FUNCTION","request":{"@type":"type.googleapis.com/google.cloud.functions.v1.CloudFunction","name":"projects/tolypash0/locations/us-central1/functions/games-tictactoe-createGame","httpsTrigger":{},"entryPoint":"games.tictactoe.createGame","labels":{"deployment-callable":"true","deployment-tool":"cli-firebase"},"sourceUploadUrl":"https://storage.googleapis.com/gcf-upload-us-central1-d21ab904-8405-466a-bffe-e0eb27e03521/a186cf6a-bef1-4932-bead-9c5875225dfb.zip?GoogleAccessId=service-377483959376@gcf-admin-robot.iam.gserviceaccount.com&Expires=1635848533&Signature=kCvNaoAhqyBb1dvD8w9i7RRaorje78Rzczq5Ts03blB%2BJ9KLAtbG8q5RckLWX4RI3u5BdRRdLLtjbSI6aRYekGoCpjmMoE9QVWBBqNBJojQXCG1wvHMI7J2Ohm0s5AT2YaLoO4heVv8JVpW70wADmqtv8gS6Fm2TnfGGI1WteCwl740nHikcUt6mebR8O9mYwfIcdzPowbgRTZXqJjhIwhBTHd1oQMTl4x5tscQLvFRzQdjVuMp7M%2FTRjq9MRoHMxjiAm%2FMdj3zJklo7bZYJsWwprM302OWFbne%2Fji8TKlChLpw3eT7oaOyw4sPxi37PCvrrGWGW8c0CXMzNUW18mg%3D%3D","environmentVariables":{"FIREBASE_CONFIG":"{\"projectId\":\"tolypash0\",\"databaseURL\":\"https://tolypash0-default-rtdb.firebaseio.com\",\"storageBucket\":\"tolypash0.appspot.com\"}","GCLOUD_PROJECT":"tolypash0"},"runtime":"nodejs14"},"versionId":"1","updateTime":"2021-11-02T09:52:14Z","buildId":"fce227d4-2a68-4e1b-a121-5a8ee391c8ae","buildName":"projects/377483959376/locations/us-central1/builds/fce227d4-2a68-4e1b-a121-5a8ee391c8ae"}}
[debug] [2021-11-02T09:52:19.187Z] [create-us-central1-games-tictactoe-createGame] Retrying task index 0
[debug] [2021-11-02T09:52:19.187Z] >>> [apiv2][query] GET https://cloudfunctions.googleapis.com/v1/operations/dG9seXBhc2gwL3VzLWNlbnRyYWwxL2dhbWVzLXRpY3RhY3RvZS1jcmVhdGVHYW1lL0ZTNVBESWdVMkgw [none]
[debug] [2021-11-02T09:52:19.540Z] <<< [apiv2][status] GET https://cloudfunctions.googleapis.com/v1/operations/dG9seXBhc2gwL3VzLWNlbnRyYWwxL2dhbWVzLXRpY3RhY3RvZS1jcmVhdGVHYW1lL0ZTNVBESWdVMkgw 200
[debug] [2021-11-02T09:52:19.540Z] <<< [apiv2][body] GET https://cloudfunctions.googleapis.com/v1/operations/dG9seXBhc2gwL3VzLWNlbnRyYWwxL2dhbWVzLXRpY3RhY3RvZS1jcmVhdGVHYW1lL0ZTNVBESWdVMkgw {"name":"operations/dG9seXBhc2gwL3VzLWNlbnRyYWwxL2dhbWVzLXRpY3RhY3RvZS1jcmVhdGVHYW1lL0ZTNVBESWdVMkgw","metadata":{"@type":"type.googleapis.com/google.cloud.functions.v1.OperationMetadataV1","target":"projects/tolypash0/locations/us-central1/functions/games-tictactoe-createGame","type":"CREATE_FUNCTION","request":{"@type":"type.googleapis.com/google.cloud.functions.v1.CloudFunction","name":"projects/tolypash0/locations/us-central1/functions/games-tictactoe-createGame","httpsTrigger":{},"entryPoint":"games.tictactoe.createGame","labels":{"deployment-callable":"true","deployment-tool":"cli-firebase"},"sourceUploadUrl":"https://storage.googleapis.com/gcf-upload-us-central1-d21ab904-8405-466a-bffe-e0eb27e03521/a186cf6a-bef1-4932-bead-9c5875225dfb.zip?GoogleAccessId=service-377483959376@gcf-admin-robot.iam.gserviceaccount.com&Expires=1635848533&Signature=kCvNaoAhqyBb1dvD8w9i7RRaorje78Rzczq5Ts03blB%2BJ9KLAtbG8q5RckLWX4RI3u5BdRRdLLtjbSI6aRYekGoCpjmMoE9QVWBBqNBJojQXCG1wvHMI7J2Ohm0s5AT2YaLoO4heVv8JVpW70wADmqtv8gS6Fm2TnfGGI1WteCwl740nHikcUt6mebR8O9mYwfIcdzPowbgRTZXqJjhIwhBTHd1oQMTl4x5tscQLvFRzQdjVuMp7M%2FTRjq9MRoHMxjiAm%2FMdj3zJklo7bZYJsWwprM302OWFbne%2Fji8TKlChLpw3eT7oaOyw4sPxi37PCvrrGWGW8c0CXMzNUW18mg%3D%3D","environmentVariables":{"FIREBASE_CONFIG":"{\"projectId\":\"tolypash0\",\"databaseURL\":\"https://tolypash0-default-rtdb.firebaseio.com\",\"storageBucket\":\"tolypash0.appspot.com\"}","GCLOUD_PROJECT":"tolypash0"},"runtime":"nodejs14"},"versionId":"1","updateTime":"2021-11-02T09:52:14Z","buildId":"fce227d4-2a68-4e1b-a121-5a8ee391c8ae","buildName":"projects/377483959376/locations/us-central1/builds/fce227d4-2a68-4e1b-a121-5a8ee391c8ae"}}
[debug] [2021-11-02T09:52:23.541Z] [create-us-central1-games-tictactoe-createGame] Retrying task index 0
[debug] [2021-11-02T09:52:23.541Z] >>> [apiv2][query] GET https://cloudfunctions.googleapis.com/v1/operations/dG9seXBhc2gwL3VzLWNlbnRyYWwxL2dhbWVzLXRpY3RhY3RvZS1jcmVhdGVHYW1lL0ZTNVBESWdVMkgw [none]
[debug] [2021-11-02T09:52:23.864Z] <<< [apiv2][status] GET https://cloudfunctions.googleapis.com/v1/operations/dG9seXBhc2gwL3VzLWNlbnRyYWwxL2dhbWVzLXRpY3RhY3RvZS1jcmVhdGVHYW1lL0ZTNVBESWdVMkgw 200
[debug] [2021-11-02T09:52:23.864Z] <<< [apiv2][body] GET https://cloudfunctions.googleapis.com/v1/operations/dG9seXBhc2gwL3VzLWNlbnRyYWwxL2dhbWVzLXRpY3RhY3RvZS1jcmVhdGVHYW1lL0ZTNVBESWdVMkgw {"name":"operations/dG9seXBhc2gwL3VzLWNlbnRyYWwxL2dhbWVzLXRpY3RhY3RvZS1jcmVhdGVHYW1lL0ZTNVBESWdVMkgw","metadata":{"@type":"type.googleapis.com/google.cloud.functions.v1.OperationMetadataV1","target":"projects/tolypash0/locations/us-central1/functions/games-tictactoe-createGame","type":"CREATE_FUNCTION","request":{"@type":"type.googleapis.com/google.cloud.functions.v1.CloudFunction","name":"projects/tolypash0/locations/us-central1/functions/games-tictactoe-createGame","httpsTrigger":{},"entryPoint":"games.tictactoe.createGame","labels":{"deployment-callable":"true","deployment-tool":"cli-firebase"},"sourceUploadUrl":"https://storage.googleapis.com/gcf-upload-us-central1-d21ab904-8405-466a-bffe-e0eb27e03521/a186cf6a-bef1-4932-bead-9c5875225dfb.zip?GoogleAccessId=service-377483959376@gcf-admin-robot.iam.gserviceaccount.com&Expires=1635848533&Signature=kCvNaoAhqyBb1dvD8w9i7RRaorje78Rzczq5Ts03blB%2BJ9KLAtbG8q5RckLWX4RI3u5BdRRdLLtjbSI6aRYekGoCpjmMoE9QVWBBqNBJojQXCG1wvHMI7J2Ohm0s5AT2YaLoO4heVv8JVpW70wADmqtv8gS6Fm2TnfGGI1WteCwl740nHikcUt6mebR8O9mYwfIcdzPowbgRTZXqJjhIwhBTHd1oQMTl4x5tscQLvFRzQdjVuMp7M%2FTRjq9MRoHMxjiAm%2FMdj3zJklo7bZYJsWwprM302OWFbne%2Fji8TKlChLpw3eT7oaOyw4sPxi37PCvrrGWGW8c0CXMzNUW18mg%3D%3D","environmentVariables":{"FIREBASE_CONFIG":"{\"projectId\":\"tolypash0\",\"databaseURL\":\"https://tolypash0-default-rtdb.firebaseio.com\",\"storageBucket\":\"tolypash0.appspot.com\"}","GCLOUD_PROJECT":"tolypash0"},"runtime":"nodejs14"},"versionId":"1","updateTime":"2021-11-02T09:52:14Z","buildId":"fce227d4-2a68-4e1b-a121-5a8ee391c8ae","buildName":"projects/377483959376/locations/us-central1/builds/fce227d4-2a68-4e1b-a121-5a8ee391c8ae"}}
[debug] [2021-11-02T09:52:31.865Z] [create-us-central1-games-tictactoe-createGame] Retrying task index 0
[debug] [2021-11-02T09:52:31.866Z] >>> [apiv2][query] GET https://cloudfunctions.googleapis.com/v1/operations/dG9seXBhc2gwL3VzLWNlbnRyYWwxL2dhbWVzLXRpY3RhY3RvZS1jcmVhdGVHYW1lL0ZTNVBESWdVMkgw [none]
[debug] [2021-11-02T09:52:32.197Z] <<< [apiv2][status] GET https://cloudfunctions.googleapis.com/v1/operations/dG9seXBhc2gwL3VzLWNlbnRyYWwxL2dhbWVzLXRpY3RhY3RvZS1jcmVhdGVHYW1lL0ZTNVBESWdVMkgw 200
[debug] [2021-11-02T09:52:32.197Z] <<< [apiv2][body] GET https://cloudfunctions.googleapis.com/v1/operations/dG9seXBhc2gwL3VzLWNlbnRyYWwxL2dhbWVzLXRpY3RhY3RvZS1jcmVhdGVHYW1lL0ZTNVBESWdVMkgw {"name":"operations/dG9seXBhc2gwL3VzLWNlbnRyYWwxL2dhbWVzLXRpY3RhY3RvZS1jcmVhdGVHYW1lL0ZTNVBESWdVMkgw","metadata":{"@type":"type.googleapis.com/google.cloud.functions.v1.OperationMetadataV1","target":"projects/tolypash0/locations/us-central1/functions/games-tictactoe-createGame","type":"CREATE_FUNCTION","request":{"@type":"type.googleapis.com/google.cloud.functions.v1.CloudFunction","name":"projects/tolypash0/locations/us-central1/functions/games-tictactoe-createGame","httpsTrigger":{},"entryPoint":"games.tictactoe.createGame","labels":{"deployment-callable":"true","deployment-tool":"cli-firebase"},"sourceUploadUrl":"https://storage.googleapis.com/gcf-upload-us-central1-d21ab904-8405-466a-bffe-e0eb27e03521/a186cf6a-bef1-4932-bead-9c5875225dfb.zip?GoogleAccessId=service-377483959376@gcf-admin-robot.iam.gserviceaccount.com&Expires=1635848533&Signature=kCvNaoAhqyBb1dvD8w9i7RRaorje78Rzczq5Ts03blB%2BJ9KLAtbG8q5RckLWX4RI3u5BdRRdLLtjbSI6aRYekGoCpjmMoE9QVWBBqNBJojQXCG1wvHMI7J2Ohm0s5AT2YaLoO4heVv8JVpW70wADmqtv8gS6Fm2TnfGGI1WteCwl740nHikcUt6mebR8O9mYwfIcdzPowbgRTZXqJjhIwhBTHd1oQMTl4x5tscQLvFRzQdjVuMp7M%2FTRjq9MRoHMxjiAm%2FMdj3zJklo7bZYJsWwprM302OWFbne%2Fji8TKlChLpw3eT7oaOyw4sPxi37PCvrrGWGW8c0CXMzNUW18mg%3D%3D","environmentVariables":{"FIREBASE_CONFIG":"{\"projectId\":\"tolypash0\",\"databaseURL\":\"https://tolypash0-default-rtdb.firebaseio.com\",\"storageBucket\":\"tolypash0.appspot.com\"}","GCLOUD_PROJECT":"tolypash0"},"runtime":"nodejs14"},"versionId":"1","updateTime":"2021-11-02T09:52:14Z","buildId":"fce227d4-2a68-4e1b-a121-5a8ee391c8ae","buildName":"projects/377483959376/locations/us-central1/builds/fce227d4-2a68-4e1b-a121-5a8ee391c8ae"}}
[debug] [2021-11-02T09:52:48.197Z] [create-us-central1-games-tictactoe-createGame] Retrying task index 0
[debug] [2021-11-02T09:52:48.197Z] >>> [apiv2][query] GET https://cloudfunctions.googleapis.com/v1/operations/dG9seXBhc2gwL3VzLWNlbnRyYWwxL2dhbWVzLXRpY3RhY3RvZS1jcmVhdGVHYW1lL0ZTNVBESWdVMkgw [none]
[debug] [2021-11-02T09:52:48.522Z] <<< [apiv2][status] GET https://cloudfunctions.googleapis.com/v1/operations/dG9seXBhc2gwL3VzLWNlbnRyYWwxL2dhbWVzLXRpY3RhY3RvZS1jcmVhdGVHYW1lL0ZTNVBESWdVMkgw 200
[debug] [2021-11-02T09:52:48.522Z] <<< [apiv2][body] GET https://cloudfunctions.googleapis.com/v1/operations/dG9seXBhc2gwL3VzLWNlbnRyYWwxL2dhbWVzLXRpY3RhY3RvZS1jcmVhdGVHYW1lL0ZTNVBESWdVMkgw {"name":"operations/dG9seXBhc2gwL3VzLWNlbnRyYWwxL2dhbWVzLXRpY3RhY3RvZS1jcmVhdGVHYW1lL0ZTNVBESWdVMkgw","metadata":{"@type":"type.googleapis.com/google.cloud.functions.v1.OperationMetadataV1","target":"projects/tolypash0/locations/us-central1/functions/games-tictactoe-createGame","type":"CREATE_FUNCTION","request":{"@type":"type.googleapis.com/google.cloud.functions.v1.CloudFunction","name":"projects/tolypash0/locations/us-central1/functions/games-tictactoe-createGame","httpsTrigger":{},"entryPoint":"games.tictactoe.createGame","labels":{"deployment-callable":"true","deployment-tool":"cli-firebase"},"sourceUploadUrl":"https://storage.googleapis.com/gcf-upload-us-central1-d21ab904-8405-466a-bffe-e0eb27e03521/a186cf6a-bef1-4932-bead-9c5875225dfb.zip?GoogleAccessId=service-377483959376@gcf-admin-robot.iam.gserviceaccount.com&Expires=1635848533&Signature=kCvNaoAhqyBb1dvD8w9i7RRaorje78Rzczq5Ts03blB%2BJ9KLAtbG8q5RckLWX4RI3u5BdRRdLLtjbSI6aRYekGoCpjmMoE9QVWBBqNBJojQXCG1wvHMI7J2Ohm0s5AT2YaLoO4heVv8JVpW70wADmqtv8gS6Fm2TnfGGI1WteCwl740nHikcUt6mebR8O9mYwfIcdzPowbgRTZXqJjhIwhBTHd1oQMTl4x5tscQLvFRzQdjVuMp7M%2FTRjq9MRoHMxjiAm%2FMdj3zJklo7bZYJsWwprM302OWFbne%2Fji8TKlChLpw3eT7oaOyw4sPxi37PCvrrGWGW8c0CXMzNUW18mg%3D%3D","environmentVariables":{"FIREBASE_CONFIG":"{\"projectId\":\"tolypash0\",\"databaseURL\":\"https://tolypash0-default-rtdb.firebaseio.com\",\"storageBucket\":\"tolypash0.appspot.com\"}","GCLOUD_PROJECT":"tolypash0"},"runtime":"nodejs14"},"versionId":"1","updateTime":"2021-11-02T09:52:14Z","buildId":"fce227d4-2a68-4e1b-a121-5a8ee391c8ae","buildName":"projects/377483959376/locations/us-central1/builds/fce227d4-2a68-4e1b-a121-5a8ee391c8ae"}}
